============================= test session starts ==============================
platform linux -- Python 3.11.13, pytest-9.0.2, pluggy-1.6.0 -- /usr/local/bin/python
cachedir: .pytest_cache
rootdir: /workspaces/terraable
configfile: pyproject.toml
plugins: cov-7.1.0
collecting ... collected 234 items

tests/test_api_server.py::test_handler_serves_ui_state_and_action PASSED [  0%]
tests/test_api_server.py::test_handler_returns_fail_payload_for_runtime_error_and_404 PASSED [  0%]
tests/test_api_server.py::test_handler_returns_404_when_ui_index_is_missing PASSED [  1%]
tests/test_api_server.py::test_handler_returns_500_when_ui_index_is_invalid_utf8 PASSED [  1%]
tests/test_api_server.py::test_handler_serves_target_availability_module PASSED [  2%]
tests/test_api_server.py::test_handler_returns_404_when_target_availability_module_missing PASSED [  2%]
tests/test_api_server.py::test_handler_returns_500_when_target_availability_module_invalid_utf8 PASSED [  2%]
tests/test_api_server.py::test_handler_configure_auth_accepts_non_object_json_payload PASSED [  3%]
tests/test_api_server.py::test_handler_serves_healthz_and_other_actions PASSED [  3%]
tests/test_api_server.py::test_read_json_payload_returns_empty_dict_for_non_object_payload PASSED [  4%]
tests/test_api_server.py::test_read_json_payload_rejects_invalid_content_length PASSED [  4%]
tests/test_api_server.py::test_read_json_payload_defaults_missing_content_length_to_empty_object PASSED [  5%]
tests/test_api_server.py::test_read_json_payload_rejects_negative_content_length PASSED [  5%]
tests/test_api_server.py::test_read_json_payload_rejects_oversized_content_length PASSED [  5%]
tests/test_api_server.py::test_read_json_payload_rejects_incomplete_body PASSED [  6%]
tests/test_api_server.py::test_read_json_payload_restores_socket_timeout_after_read PASSED [  6%]
tests/test_api_server.py::test_read_json_payload_reports_timeout_and_restores_socket_timeout PASSED [  7%]
tests/test_api_server.py::test_read_json_payload_reports_socket_timeout_and_restores_timeout PASSED [  7%]
tests/test_api_server.py::test_loopback_host_helper_accepts_localhost_and_loopback_ip PASSED [  8%]
tests/test_api_server.py::test_safe_post_request_rejects_non_loopback_client PASSED [  8%]
tests/test_api_server.py::test_safe_post_request_rejects_null_origin PASSED [  8%]
tests/test_api_server.py::test_safe_post_request_rejects_hostname_less_origin PASSED [  9%]
tests/test_api_server.py::test_handler_serves_auth_endpoints PASSED      [  9%]
tests/test_api_server.py::test_post_rejects_missing_session_token PASSED [ 10%]
tests/test_api_server.py::test_handler_returns_400_for_malformed_json PASSED [ 10%]
tests/test_api_server.py::test_post_rejects_non_local_origin PASSED      [ 11%]
tests/test_api_server.py::test_handler_configure_passes_target_and_portal PASSED [ 11%]
tests/test_api_server.py::test_main_starts_and_closes_server PASSED      [ 11%]
tests/test_api_server.py::test_get_backend_dispatches_provider_backends PASSED [ 12%]
tests/test_api_server.py::test_make_handler_resets_backend_cache_per_workspace PASSED [ 12%]
tests/test_api_server.py::test_get_active_backend_prefers_handler_backend_for_local_target PASSED [ 13%]
tests/test_api_server.py::test_get_active_backend_normalises_unknown_targets_to_local_lab PASSED [ 13%]
tests/test_api_server.py::test_action_failure_uses_target_backend_state PASSED [ 14%]
tests/test_api_server.py::test_handle_session_rejects_non_loopback_client PASSED [ 14%]
tests/test_api_server.py::test_handle_session_returns_token_for_loopback_client PASSED [ 14%]
tests/test_api_server.py::test_make_handler_generates_random_token_when_env_unset PASSED [ 15%]
tests/test_api_server.py::test_demo_status_endpoint_returns_current_configuration PASSED [ 15%]
tests/test_api_server.py::test_demo_configure_endpoint_applies_profile PASSED [ 16%]
tests/test_api_server.py::test_demo_configure_endpoint_merges_custom_profile PASSED [ 16%]
tests/test_api_server.py::test_demo_start_service_endpoint_offline_mode PASSED [ 17%]
tests/test_api_server.py::test_demo_service_ready_endpoint_checks_terraform_cli PASSED [ 17%]
tests/test_api_server.py::test_demo_endpoint_malformed_request_returns_400 PASSED [ 17%]
tests/test_cloud_backends.py::test_aws_get_auth_status_relaxes_live_target_gate PASSED [ 18%]
tests/test_cloud_backends.py::test_azure_get_auth_status_relaxes_live_target_gate PASSED [ 18%]
tests/test_cloud_backends.py::test_okd_get_auth_status_requires_cluster_vars PASSED [ 19%]
tests/test_cloud_backends.py::test_aws_create_environment_mock_mode PASSED [ 19%]
tests/test_cloud_backends.py::test_azure_create_environment_mock_mode PASSED [ 20%]
tests/test_cloud_backends.py::test_okd_create_environment_mock_mode PASSED [ 20%]
tests/test_cloud_backends.py::test_cloud_backends_reject_wrong_target PASSED [ 20%]
tests/test_cloud_backends.py::test_cloud_backends_get_auth_status_rejects_wrong_target PASSED [ 21%]
tests/test_cloud_backends.py::test_cloud_backends_report_target_specific_live_mode[AWSBackend-live-aws] PASSED [ 21%]
tests/test_cloud_backends.py::test_cloud_backends_report_target_specific_live_mode[AzureBackend-live-azure] PASSED [ 22%]
tests/test_cloud_backends.py::test_cloud_backends_report_target_specific_live_mode[OKDBackend-live-okd] PASSED [ 22%]
tests/test_cloud_backends.py::test_cloud_backends_preserve_offline_mock_mode_label[AWSBackend] PASSED [ 23%]
tests/test_cloud_backends.py::test_cloud_backends_preserve_offline_mock_mode_label[AzureBackend] PASSED [ 23%]
tests/test_cloud_backends.py::test_cloud_backends_preserve_offline_mock_mode_label[OKDBackend] PASSED [ 23%]
tests/test_cloud_backends.py::test_aws_create_environment_live_success PASSED [ 24%]
tests/test_cloud_backends.py::test_aws_create_environment_live_blocked PASSED [ 24%]
tests/test_cloud_backends.py::test_aws_create_environment_live_failure PASSED [ 25%]
tests/test_cloud_backends.py::test_azure_create_environment_live_blocked PASSED [ 25%]
tests/test_cloud_backends.py::test_azure_create_environment_live_success PASSED [ 26%]
tests/test_cloud_backends.py::test_azure_create_environment_live_failure PASSED [ 26%]
tests/test_cloud_backends.py::test_okd_create_environment_live_failure PASSED [ 26%]
tests/test_cloud_backends.py::test_okd_create_environment_live_blocked PASSED [ 27%]
tests/test_cloud_backends.py::test_okd_create_environment_live_success PASSED [ 27%]
tests/test_cloud_backends.py::test_aws_terraform_apply_parses_comma_cidrs PASSED [ 28%]
tests/test_cloud_backends.py::test_aws_terraform_apply_rejects_invalid_json_cidrs PASSED [ 28%]
tests/test_cloud_backends.py::test_aws_terraform_apply_requires_ssh_public_key PASSED [ 29%]
tests/test_cloud_backends.py::test_aws_terraform_apply_requires_allowed_cidrs PASSED [ 29%]
tests/test_cloud_backends.py::test_aws_terraform_apply_rejects_non_string_json_list PASSED [ 29%]
tests/test_cloud_backends.py::test_aws_terraform_apply_rejects_empty_json_list PASSED [ 30%]
tests/test_cloud_backends.py::test_azure_terraform_apply_requires_resource_group PASSED [ 30%]
tests/test_cloud_backends.py::test_azure_terraform_apply_requires_ssh_key PASSED [ 31%]
tests/test_cloud_backends.py::test_azure_terraform_apply_requires_allowed_source PASSED [ 31%]
tests/test_cloud_backends.py::test_azure_terraform_apply_parses_outputs PASSED [ 32%]
tests/test_cloud_backends.py::test_okd_terraform_apply_requires_cluster_name PASSED [ 32%]
tests/test_cloud_backends.py::test_okd_terraform_apply_requires_base_domain PASSED [ 32%]
tests/test_cloud_backends.py::test_okd_terraform_apply_parses_outputs PASSED [ 33%]
tests/test_cloud_backends.py::test_aws_action_lock_serialises_create_environment PASSED [ 33%]
tests/test_contract.py::test_build_handoff_payload_to_runtime_vars PASSED [ 34%]
tests/test_contract.py::test_local_lab_rhdh_combination_is_allowed PASSED [ 34%]
tests/test_contract.py::test_supported_target_portal_combination_accepted PASSED [ 35%]
tests/test_demo_config.py::TestEnums::test_provisioning_backend_values PASSED [ 35%]
tests/test_demo_config.py::TestEnums::test_automation_backend_values PASSED [ 35%]
tests/test_demo_config.py::TestEnums::test_connection_mode_values PASSED [ 36%]
tests/test_demo_config.py::TestEnums::test_demo_profile_values PASSED    [ 36%]
tests/test_demo_config.py::TestTerraformConfig::test_default_terraform_config PASSED [ 37%]
tests/test_demo_config.py::TestTerraformConfig::test_custom_terraform_config PASSED [ 37%]
tests/test_demo_config.py::TestAnsibleConfig::test_default_ansible_config PASSED [ 38%]
tests/test_demo_config.py::TestAnsibleConfig::test_custom_ansible_config PASSED [ 38%]
tests/test_demo_config.py::TestDemoConfiguration::test_default_demo_configuration PASSED [ 38%]
tests/test_demo_config.py::TestDemoConfiguration::test_demo_configuration_to_dict PASSED [ 39%]
tests/test_demo_config.py::TestServiceReadinessStatus::test_ready_status PASSED [ 39%]
tests/test_demo_config.py::TestServiceReadinessStatus::test_not_ready_status PASSED [ 40%]
tests/test_demo_config.py::TestGetSetDemoConfig::test_initial_config_is_lab_profile PASSED [ 40%]
tests/test_demo_config.py::TestGetSetDemoConfig::test_set_demo_config_updates_global_state PASSED [ 41%]
tests/test_demo_config.py::TestApplyProfile::test_apply_lab_profile PASSED [ 41%]
tests/test_demo_config.py::TestApplyProfile::test_apply_enterprise_mirror_profile PASSED [ 41%]
tests/test_demo_config.py::TestApplyProfile::test_apply_offline_fallback_profile PASSED [ 42%]
tests/test_demo_config.py::TestApplyProfile::test_apply_custom_profile_sets_profile_only PASSED [ 42%]
tests/test_demo_config.py::TestStartService::test_start_terraform_local_lab_mode PASSED [ 43%]
tests/test_demo_config.py::TestStartService::test_start_terraform_offline_mode PASSED [ 43%]
tests/test_demo_config.py::TestStartService::test_start_terraform_external_mode PASSED [ 44%]
tests/test_demo_config.py::TestStartService::test_start_ansible_offline_mode PASSED [ 44%]
tests/test_demo_config.py::TestStartService::test_start_invalid_service PASSED [ 44%]
tests/test_demo_config.py::TestCheckServiceReadiness::test_check_terraform_cli_always_ready PASSED [ 45%]
tests/test_demo_config.py::TestCheckServiceReadiness::test_check_ansible_cli_always_ready PASSED [ 45%]
tests/test_demo_config.py::TestCheckServiceReadiness::test_check_terraform_tfc_no_token PASSED [ 46%]
tests/test_demo_config.py::TestCheckServiceReadiness::test_check_ansible_aap_no_endpoint PASSED [ 46%]
tests/test_demo_config.py::TestCheckServiceReadiness::test_check_terraform_tfc_invalid_token PASSED [ 47%]
tests/test_demo_config.py::TestCheckServiceReadiness::test_check_invalid_service PASSED [ 47%]
tests/test_demo_config.py::TestGetOverallReadiness::test_overall_readiness_lab_profile PASSED [ 47%]
tests/test_demo_config.py::TestGetOverallReadiness::test_overall_readiness_offline_profile PASSED [ 48%]
tests/test_demo_config.py::TestGetOverallReadiness::test_overall_readiness_enterprise_mirror_no_creds PASSED [ 48%]
tests/test_demo_config.py::TestGetOverallReadiness::test_overall_readiness_partial PASSED [ 49%]
tests/test_demo_config.py::TestCheckServiceReadinessMocked::test_terraform_tfc_valid_token_http_200 PASSED [ 49%]
tests/test_demo_config.py::TestCheckServiceReadinessMocked::test_terraform_tfc_invalid_token_401 PASSED [ 50%]
tests/test_demo_config.py::TestCheckServiceReadinessMocked::test_terraform_tfc_api_error_500 PASSED [ 50%]
tests/test_demo_config.py::TestCheckServiceReadinessMocked::test_terraform_tfc_connectivity_error PASSED [ 50%]
tests/test_demo_config.py::TestCheckServiceReadinessMocked::test_ansible_awx_valid_credentials_http_200 PASSED [ 51%]
tests/test_demo_config.py::TestCheckServiceReadinessMocked::test_ansible_awx_valid_credentials_http_201 PASSED [ 51%]
tests/test_demo_config.py::TestCheckServiceReadinessMocked::test_ansible_awx_invalid_credentials_401 PASSED [ 52%]
tests/test_demo_config.py::TestCheckServiceReadinessMocked::test_ansible_awx_api_error_500 PASSED [ 52%]
tests/test_demo_config.py::TestCheckServiceReadinessMocked::test_ansible_awx_connectivity_error PASSED [ 52%]
tests/test_demo_config.py::TestCheckServiceReadinessMocked::test_ansible_awx_insecure_skip_verify PASSED [ 53%]
tests/test_demo_config.py::TestStartServiceDocker::test_start_ansible_docker_compose_mode_with_socket PASSED [ 53%]
tests/test_demo_config.py::TestStartServiceDocker::test_start_terraform_docker_compose_mode_with_socket PASSED [ 54%]
tests/test_demo_config.py::TestStartServiceDocker::test_start_service_docker_compose_no_socket PASSED [ 54%]
tests/test_demo_config.py::TestStartServiceDocker::test_start_service_docker_compose_exception PASSED [ 55%]
tests/test_hcp_terraform.py::test_get_run_status PASSED                  [ 55%]
tests/test_hcp_terraform.py::test_get_run_outputs PASSED                 [ 55%]
tests/test_hcp_terraform.py::test_get_run_outputs_uses_run_level_state_version_when_present PASSED [ 56%]
tests/test_hcp_terraform.py::test_get_run_outputs_resolves_hyphenated_state_version_from_apply PASSED [ 56%]
tests/test_hcp_terraform.py::test_get_run_outputs_resolves_state_version_from_list_relationship PASSED [ 57%]
tests/test_hcp_terraform.py::test_api_error_raises_runtime_error PASSED  [ 57%]
tests/test_hcp_terraform.py::test_get_run_raises_when_response_is_not_object PASSED [ 58%]
tests/test_hcp_terraform.py::test_get_run_outputs_raises_when_apply_state_missing PASSED [ 58%]
tests/test_hcp_terraform.py::test_config_from_env_reads_env_vars PASSED  [ 58%]
tests/test_hcp_terraform.py::test_config_from_env_prefers_explicit_values PASSED [ 59%]
tests/test_hcp_terraform.py::test_config_from_env_uses_default_hostname PASSED [ 59%]
tests/test_hcp_terraform.py::test_config_from_env_raises_without_token PASSED [ 60%]
tests/test_hcp_terraform.py::test_config_from_env_derives_token_env_var_from_hostname PASSED [ 60%]
tests/test_hcp_terraform.py::test_config_from_env_error_shows_derived_env_var_name PASSED [ 61%]
tests/test_hcp_terraform.py::test_config_from_env_normalizes_hostname_with_hyphens PASSED [ 61%]
tests/test_hcp_terraform.py::test_config_from_env_lowercases_hostname_in_env_var_name PASSED [ 61%]
tests/test_hcp_terraform.py::test_get_run_outputs_raises_when_state_version_id_missing PASSED [ 62%]
tests/test_hcp_terraform.py::test_get_run_outputs_raises_when_apply_is_missing PASSED [ 62%]
tests/test_local_detect.py::test_detect_local_target_from_environment_marker PASSED [ 63%]
tests/test_local_detect.py::test_detect_local_target_from_binary_marker PASSED [ 63%]
tests/test_local_detect.py::test_detect_local_target_defaults_to_local_lab PASSED [ 64%]
tests/test_local_detect.py::test_detect_local_target_from_kernel_wsl_marker PASSED [ 64%]
tests/test_local_detect.py::test_detect_local_target_handles_osrelease_read_error PASSED [ 64%]
tests/test_local_detect.py::test_runtime_target_availability_blocks_hypervisors_in_container PASSED [ 65%]
tests/test_local_detect.py::test_runtime_target_availability_allows_hypervisors_with_container_override PASSED [ 65%]
tests/test_local_detect.py::test_runtime_target_availability_detects_container_from_cgroup PASSED [ 66%]
tests/test_local_detect.py::test_runtime_target_availability_handles_cgroup_read_error PASSED [ 66%]
tests/test_local_detect.py::test_runtime_target_availability_non_container_without_markers PASSED [ 67%]
tests/test_local_detect.py::test_runtime_target_availability_sets_hyperv_from_osrelease PASSED [ 67%]
tests/test_local_detect.py::test_runtime_target_availability_handles_osrelease_read_error PASSED [ 67%]
tests/test_local_lab.py::test_create_environment_builds_real_local_lab_state PASSED [ 68%]
tests/test_local_lab.py::test_create_environment_serializes_concurrent_requests PASSED [ 68%]
tests/test_local_lab.py::test_full_local_lab_lifecycle_updates_controls_and_eda_history PASSED [ 69%]
tests/test_local_lab.py::test_non_local_target_is_rejected_until_provider_path_exists PASSED [ 69%]
tests/test_local_lab.py::test_live_virtualisation_targets_are_executable[vmware] PASSED [ 70%]
tests/test_local_lab.py::test_live_virtualisation_targets_are_executable[parallels] PASSED [ 70%]
tests/test_local_lab.py::test_live_virtualisation_targets_are_executable[hyper-v] PASSED [ 70%]
tests/test_local_lab.py::test_live_gcp_target_is_executable_with_required_credentials PASSED [ 71%]
tests/test_local_lab.py::test_local_virtualisation_targets_are_executable PASSED [ 71%]
tests/test_local_lab.py::test_default_runner_executes_subprocess PASSED  [ 72%]
tests/test_local_lab.py::test_load_state_returns_default_for_malformed_json PASSED [ 72%]
tests/test_local_lab.py::test_load_state_returns_default_for_non_object_json PASSED [ 73%]
tests/test_local_lab.py::test_record_action_persists_evidence_entry PASSED [ 73%]
tests/test_local_lab.py::test_append_eda_event_persists_history_entry PASSED [ 73%]
tests/test_local_lab.py::test_record_action_caps_evidence_history PASSED [ 74%]
tests/test_local_lab.py::test_append_eda_event_caps_history PASSED       [ 74%]
tests/test_local_lab.py::test_run_wraps_called_process_error PASSED      [ 75%]
tests/test_local_lab.py::test_run_wraps_file_not_found_error PASSED      [ 75%]
tests/test_local_lab.py::test_current_environment_requires_active_state PASSED [ 76%]
tests/test_local_lab.py::test_terraform_apply_runs_init_apply_and_output PASSED [ 76%]
tests/test_local_lab.py::test_terraform_root_mapping_includes_phase3_targets PASSED [ 76%]
tests/test_local_lab.py::test_run_playbook_uses_local_inventory_and_ansible_config PASSED [ 77%]
tests/test_local_lab.py::test_auth_status_uses_dotenv_credentials PASSED [ 77%]
tests/test_local_lab.py::test_auth_status_marks_missing_and_unsupported_target PASSED [ 78%]
tests/test_local_lab.py::test_auth_status_blocks_hypervisor_target_when_runtime_unavailable PASSED [ 78%]
tests/test_local_lab.py::test_auth_status_allows_hypervisor_target_when_runtime_available PASSED [ 79%]
tests/test_local_lab.py::test_configure_credentials_merges_ui_values PASSED [ 79%]
tests/test_local_lab.py::test_create_environment_requires_ready_auth PASSED [ 79%]
tests/test_local_lab.py::test_get_state_includes_auth_summary PASSED     [ 80%]
tests/test_local_lab.py::test_observability_dashboard_contract_includes_metrics PASSED [ 80%]
tests/test_local_lab.py::test_observability_dashboard_ignores_malformed_state_lists PASSED [ 81%]
tests/test_local_lab.py::test_configure_credentials_ignores_unknown_and_can_clear_ui_value PASSED [ 81%]
tests/test_local_lab.py::test_configure_credentials_clear_restores_dotenv_value PASSED [ 82%]
tests/test_local_lab.py::test_configure_credentials_clear_restores_dotenv_after_ui_update PASSED [ 82%]
tests/test_local_lab.py::test_configure_credentials_returns_auth_for_requested_target PASSED [ 82%]
tests/test_local_lab.py::test_get_auth_status_includes_portal_blocker PASSED [ 83%]
tests/test_local_lab.py::test_local_lab_rhdh_portal_marked_ready PASSED  [ 83%]
tests/test_local_lab.py::test_create_environment_allows_local_lab_rhdh PASSED [ 84%]
tests/test_local_lab.py::test_unknown_target_uses_hostname_tf_token_requirement PASSED [ 84%]
tests/test_local_lab.py::test_bootstrap_prefers_environment_over_dotenv PASSED [ 85%]
tests/test_local_lab.py::test_read_dotenv_missing_file_returns_empty PASSED [ 85%]
tests/test_local_lab.py::test_read_dotenv_skips_comments_and_invalid_lines PASSED [ 85%]
tests/test_local_lab.py::test_credential_value_prefers_hostname_specific_token_and_non_token_value PASSED [ 86%]
tests/test_local_lab.py::test_auth_source_includes_hostname_specific_and_non_token_sources PASSED [ 86%]
tests/test_local_lab.py::test_mock_mode_auth_is_always_ready PASSED      [ 87%]
tests/test_local_lab.py::test_mock_mode_state_reports_offline_mock PASSED [ 87%]
tests/test_local_lab.py::test_mock_mode_full_lifecycle PASSED            [ 88%]
tests/test_local_lab.py::test_mock_mode_eda_events_on_drift_and_remediation PASSED [ 88%]
tests/test_local_lab.py::test_inject_synthetic_incident_updates_feed_and_evidence PASSED [ 88%]
tests/test_local_lab.py::test_inject_synthetic_incident_respects_eda_disabled_state PASSED [ 89%]
tests/test_local_lab.py::test_inject_synthetic_incident_emits_eda_event_when_enabled PASSED [ 89%]
tests/test_local_lab.py::test_awx_execution_mode_requires_awx_connection_env PASSED [ 90%]
tests/test_local_lab.py::test_awx_execution_mode_requires_https_host_for_ready_state PASSED [ 90%]
tests/test_local_lab.py::test_run_playbook_awx_mode_launches_template PASSED [ 91%]
tests/test_local_lab.py::test_invalid_execution_mode_defaults_to_direct PASSED [ 91%]
tests/test_local_lab.py::test_awx_run_rejects_unmapped_playbook PASSED   [ 91%]
tests/test_local_lab.py::test_awx_run_requires_awx_credentials PASSED    [ 92%]
tests/test_local_lab.py::test_awx_run_requires_https_host PASSED         [ 92%]
tests/test_local_lab.py::test_awx_run_raises_when_template_not_found PASSED [ 93%]
tests/test_local_lab.py::test_awx_run_raises_when_launch_missing_job_id PASSED [ 93%]
tests/test_local_lab.py::test_awx_run_raises_when_job_fails PASSED       [ 94%]
tests/test_local_lab.py::test_awx_request_raises_on_non_object_response PASSED [ 94%]
tests/test_local_lab.py::test_awx_request_wraps_url_errors PASSED        [ 94%]
tests/test_local_lab.py::test_awx_run_raises_when_job_times_out PASSED   [ 95%]
tests/test_local_lab.py::test_awx_request_returns_json_object PASSED     [ 95%]
tests/test_local_lab.py::test_awx_request_raises_on_json_decode_error PASSED [ 96%]
tests/test_local_lab.py::test_apply_baseline_marks_failed_job_status_on_exception PASSED [ 96%]
tests/test_local_lab.py::test_run_compliance_scan_marks_failed_job_status_on_exception PASSED [ 97%]
tests/test_local_lab.py::test_inject_ssh_drift_marks_failed_job_status_on_exception PASSED [ 97%]
tests/test_local_lab.py::test_inject_service_drift_marks_failed_job_status_on_exception PASSED [ 97%]
tests/test_local_lab.py::test_run_remediation_marks_failed_job_status_on_exception PASSED [ 98%]
tests/test_local_lab.py::test_current_environment_requires_runtime_context PASSED [ 98%]
tests/test_orchestrator.py::test_orchestrator_happy_path PASSED          [ 99%]
tests/test_orchestrator.py::test_orchestrator_scan_failure_when_drift_present PASSED [ 99%]
tests/test_package.py::test_package_importable PASSED                    [100%]
ERROR: Coverage failure: total of 99 is less than fail-under=100


================================ tests coverage ================================
_______________ coverage: platform linux, python 3.11.13-final-0 _______________

Name                         Stmts   Miss  Cover   Missing
----------------------------------------------------------
terraable/__init__.py            8      0   100%
terraable/api_server.py        363     17    95%   225-226, 242, 260, 268, 311, 423-428, 442-446
terraable/aws_backend.py       104      0   100%
terraable/azure_backend.py      93      0   100%
terraable/contract.py           47      0   100%
terraable/demo_config.py       146      0   100%
terraable/hcp_terraform.py      99      0   100%
terraable/local_detect.py       54      0   100%
terraable/local_lab.py         667      0   100%
terraable/okd_backend.py        96      0   100%
terraable/orchestrator.py       52      0   100%
----------------------------------------------------------
TOTAL                         1729     17    99%
Coverage HTML written to dir htmlcov
FAIL Required test coverage of 100.0% not reached. Total coverage: 99.02%
============================= 234 passed in 12.06s =============================
